[2023-10-21 00:27:16,676: ERROR: main: 'Logger' object has no attribute 'ingo']
Traceback (most recent call last):
  File "main.py", line 6, in <module>
    logger.ingo(" stage {STAGE_NAME} started")
AttributeError: 'Logger' object has no attribute 'ingo'
[2023-10-21 00:27:38,759: INFO: main:  stage {STAGE_NAME} started]
[2023-10-21 00:27:38,765: INFO: common: yaml file: config\config.yaml loaded successfully]
[2023-10-21 00:27:38,766: INFO: common: yaml file: params.yaml loaded successfully]
[2023-10-21 00:27:38,814: INFO: common: created directory at: artifacts]
[2023-10-21 00:27:38,815: INFO: common: created directory at: artifacts/data_ingestion]
[2023-10-21 00:27:43,087: INFO: data_ingestion: artifacts/data_ingestion/data.zip download! with following info: 
Connection: close
Content-Length: 7903594
Cache-Control: max-age=300
Content-Security-Policy: default-src 'none'; style-src 'unsafe-inline'; sandbox
Content-Type: application/zip
ETag: "dbc016a060da18070593b83afff580c9b300f0b6ea4147a7988433e04df246ca"
Strict-Transport-Security: max-age=31536000
X-Content-Type-Options: nosniff
X-Frame-Options: deny
X-XSS-Protection: 1; mode=block
X-GitHub-Request-Id: 8686:61BF:40AA79:4F578D:6532CDA3
Accept-Ranges: bytes
Date: Fri, 20 Oct 2023 18:57:42 GMT
Via: 1.1 varnish
X-Served-By: cache-maa10249-MAA
X-Cache: MISS
X-Cache-Hits: 0
X-Timer: S1697828261.786402,VS0,VE1648
Vary: Authorization,Accept-Encoding,Origin
Access-Control-Allow-Origin: *
Cross-Origin-Resource-Policy: cross-origin
X-Fastly-Request-ID: 8b6e2b697be17ba7419bae4a290a6f60ce2936d6
Expires: Fri, 20 Oct 2023 19:02:42 GMT
Source-Age: 1

]
[2023-10-21 00:27:43,379: INFO: main:  stage {STAGE_NAME} completed]
[2023-10-21 15:15:43,826: INFO: main:  stage {STAGE_NAME} started]
[2023-10-21 15:15:43,840: INFO: common: yaml file: config\config.yaml loaded successfully]
[2023-10-21 15:15:43,880: INFO: common: yaml file: params.yaml loaded successfully]
[2023-10-21 15:15:43,880: INFO: common: created directory at: artifacts]
[2023-10-21 15:15:43,887: INFO: common: created directory at: artifacts/data_validation]
[2023-10-21 15:15:43,888: INFO: main:  stage {STAGE_NAME} completed]
